Layer 0
Class 0
Top X:  [(51, 671643.3125)]
Bottom X:  [(45, 7633.91796875)]
Class 1
Top X:  [(51, 621273.125)]
Bottom X:  [(2, 18933.3203125)]
Class 2
Top X:  [(51, 584758.875)]
Bottom X:  [(2, 11915.611328125)]
Class 3
Top X:  [(51, 582102.25)]
Bottom X:  [(2, 16803.681640625)]
Class 4
Top X:  [(51, 552589.0)]
Bottom X:  [(2, 12332.75390625)]
Class 5
Top X:  [(51, 577444.25)]
Bottom X:  [(2, 14596.310546875)]
Class 6
Top X:  [(51, 559155.5)]
Bottom X:  [(2, 14260.154296875)]
Class 7
Top X:  [(51, 600034.25)]
Bottom X:  [(2, 13285.8720703125)]
Class 8
Top X:  [(51, 642540.8125)]
Bottom X:  [(45, 10973.7666015625)]
Class 9
Top X:  [(51, 641037.75)]
Bottom X:  [(2, 14816.0556640625)]

Shared activation values
Ratio of top intersection to top total: 0/1
Ratio of bottom intersection to bottom total: 0/1
Shared filter indices
Ratio of top intersection to top total: 1/1
Ratio of bottom intersection to bottom total: 0/1


Layer 1
Class 0
Top X:  [(23, 243861.65625), (60, 152688.765625)]
Bottom X:  [(14, 17082.201171875), (47, 16205.513671875)]
Class 1
Top X:  [(23, 176857.65625), (60, 148732.8125)]
Bottom X:  [(14, 31645.19921875), (31, 38837.953125)]
Class 2
Top X:  [(23, 219720.15625), (60, 258575.484375)]
Bottom X:  [(14, 10619.8134765625), (47, 6473.2744140625)]
Class 3
Top X:  [(23, 164603.8125), (60, 202170.140625)]
Bottom X:  [(14, 17072.30078125), (47, 16735.0078125)]
Class 4
Top X:  [(45, 217943.6875), (60, 283581.84375)]
Bottom X:  [(14, 8425.4951171875), (47, 3996.46435546875)]
Class 5
Top X:  [(23, 167855.078125), (60, 209859.671875)]
Bottom X:  [(14, 16750.875), (47, 18825.767578125)]
Class 6
Top X:  [(38, 182188.84375), (60, 254681.34375)]
Bottom X:  [(14, 11244.423828125), (47, 7187.265625)]
Class 7
Top X:  [(23, 172239.578125), (60, 209646.0625)]
Bottom X:  [(14, 13744.6552734375), (47, 9796.328125)]
Class 8
Top X:  [(23, 245429.0), (60, 160433.828125)]
Bottom X:  [(31, 15519.1767578125), (47, 16203.3369140625)]
Class 9
Top X:  [(23, 175935.71875), (60, 144214.6875)]
Bottom X:  [(14, 25283.87109375), (31, 34673.890625)]

Shared activation values
Ratio of top intersection to top total: 0/2
Ratio of bottom intersection to bottom total: 0/2
Shared filter indices
Ratio of top intersection to top total: 1/2
Ratio of bottom intersection to bottom total: 0/2


Layer 2
Class 0
Top X:  [(1, 38915.859375), (85, 38227.609375), (98, 39198.10546875), (109, 38020.41796875)]
Bottom X:  [(59, 3692.463623046875), (88, 3859.444091796875), (92, 1801.46044921875), (115, 817.546875)]
Class 1
Top X:  [(8, 35193.328125), (84, 31782.0703125), (98, 35577.1328125), (122, 33480.609375)]
Bottom X:  [(47, 5563.099609375), (55, 5530.89306640625), (92, 5105.6865234375), (115, 1632.7119140625)]
Class 2
Top X:  [(1, 34991.8515625), (8, 37715.859375), (53, 35359.9921875), (127, 35145.453125)]
Bottom X:  [(15, 2332.72998046875), (55, 2977.210205078125), (92, 2432.321533203125), (115, 557.221435546875)]
Class 3
Top X:  [(8, 35473.01953125), (53, 32132.13671875), (122, 32736.490234375), (127, 33189.2421875)]
Bottom X:  [(15, 3823.96435546875), (55, 3046.261962890625), (95, 4398.66796875), (115, 539.18603515625)]
Class 4
Top X:  [(8, 37572.34375), (13, 33104.71484375), (53, 33696.1171875), (122, 32983.11328125)]
Bottom X:  [(15, 2045.322998046875), (55, 1632.112548828125), (92, 2512.6015625), (115, 448.0231018066406)]
Class 5
Top X:  [(8, 36649.80859375), (53, 34058.9453125), (122, 33533.3984375), (127, 33685.3671875)]
Bottom X:  [(15, 3587.928466796875), (55, 3411.1484375), (93, 3920.1015625), (115, 328.3389892578125)]
Class 6
Top X:  [(8, 36610.03125), (13, 32303.7890625), (84, 31741.09765625), (98, 31410.61328125)]
Bottom X:  [(15, 2384.685546875), (55, 2113.15185546875), (104, 1831.0989990234375), (115, 552.55517578125)]
Class 7
Top X:  [(8, 36673.81640625), (53, 32333.28515625), (98, 31288.3828125), (122, 33782.0)]
Bottom X:  [(15, 4028.52294921875), (55, 3705.8505859375), (92, 4389.4716796875), (115, 671.396484375)]
Class 8
Top X:  [(1, 36011.98828125), (84, 36410.578125), (85, 37849.20703125), (98, 36996.6875)]
Bottom X:  [(55, 3382.283203125), (92, 1895.58837890625), (95, 2897.90771484375), (115, 1115.750244140625)]
Class 9
Top X:  [(8, 34839.8125), (98, 31919.447265625), (122, 32784.19921875), (127, 31085.396484375)]
Bottom X:  [(92, 3877.6689453125), (93, 3458.46484375), (95, 3593.74853515625), (115, 1068.3768310546875)]

Shared activation values
Ratio of top intersection to top total: 0/4
Ratio of bottom intersection to bottom total: 0/4
Shared filter indices
Ratio of top intersection to top total: 0/4
Ratio of bottom intersection to bottom total: 1/4


Layer 3
Class 0
Top X:  [(45, 33658.359375), (47, 24372.767578125), (51, 20595.1875), (110, 19430.578125)]
Bottom X:  [(0, 2270.312744140625), (25, 2734.95751953125), (102, 2277.851318359375), (111, 2150.892578125)]
Class 1
Top X:  [(45, 16295.96875), (51, 24148.875), (65, 19891.14453125), (104, 15790.048828125)]
Bottom X:  [(25, 3721.306640625), (27, 4914.1982421875), (72, 4409.98876953125), (102, 4527.1787109375)]
Class 2
Top X:  [(16, 18950.873046875), (26, 17884.7265625), (45, 16593.80859375), (54, 24103.78125)]
Bottom X:  [(20, 2714.54345703125), (25, 2392.61328125), (102, 2120.818359375), (111, 3160.14404296875)]
Class 3
Top X:  [(26, 16185.0458984375), (54, 17746.767578125), (85, 16535.94921875), (104, 15113.982421875)]
Bottom X:  [(20, 3285.50634765625), (25, 2494.80615234375), (102, 3503.852783203125), (120, 4045.8115234375)]
Class 4
Top X:  [(16, 24011.4765625), (26, 23232.111328125), (51, 18699.640625), (63, 15922.365234375)]
Bottom X:  [(5, 3233.50732421875), (25, 2024.773681640625), (34, 3165.2802734375), (102, 2872.296142578125)]
Class 5
Top X:  [(24, 15783.75), (54, 20680.9921875), (82, 14466.0517578125), (85, 16433.71484375)]
Bottom X:  [(20, 3479.099609375), (25, 3687.17724609375), (102, 4192.9091796875), (120, 3614.8564453125)]
Class 6
Top X:  [(16, 22654.09375), (26, 23849.181640625), (63, 17275.58203125), (104, 21314.30859375)]
Bottom X:  [(5, 3122.7939453125), (25, 2279.35546875), (44, 3226.01416015625), (48, 3277.5380859375)]
Class 7
Top X:  [(16, 17196.41796875), (26, 16018.6953125), (51, 19855.208984375), (82, 14821.7509765625)]
Bottom X:  [(20, 4135.1240234375), (25, 2873.4384765625), (34, 4238.77001953125), (102, 3305.424560546875)]
Class 8
Top X:  [(45, 22826.025390625), (47, 22870.09765625), (51, 24749.6015625), (110, 23914.8203125)]
Bottom X:  [(0, 2127.291015625), (25, 2064.62548828125), (72, 2768.631591796875), (102, 2554.318115234375)]
Class 9
Top X:  [(47, 18241.08984375), (51, 22478.654296875), (78, 19423.857421875), (82, 18376.921875)]
Bottom X:  [(25, 3309.53662109375), (72, 3704.357421875), (108, 4003.85498046875), (126, 4239.3662109375)]

Shared activation values
Ratio of top intersection to top total: 0/4
Ratio of bottom intersection to bottom total: 0/4
Shared filter indices
Ratio of top intersection to top total: 0/4
Ratio of bottom intersection to bottom total: 1/4


Layer 4
Class 0
Top X:  [(14, 4802.62744140625), (21, 5342.4990234375), (35, 5638.27001953125), (141, 4939.296875), (142, 6075.7216796875), (147, 5909.90771484375), (158, 4540.91943359375), (160, 4381.77880859375)]
Bottom X:  [(57, 483.5823059082031), (108, 504.156494140625), (156, 351.9901123046875), (166, 424.2163391113281), (177, 510.3919677734375), (186, 545.35693359375), (219, 532.0274658203125), (239, 346.1974182128906)]
Class 1
Top X:  [(84, 3354.65283203125), (110, 4219.4853515625), (131, 3827.064208984375), (144, 3789.3876953125), (147, 3846.388427734375), (211, 4283.8076171875), (246, 3795.121337890625), (253, 3359.341552734375)]
Bottom X:  [(46, 937.3173828125), (57, 697.2745361328125), (103, 1017.563720703125), (151, 1003.16259765625), (156, 964.0287475585938), (166, 618.896728515625), (185, 585.82666015625), (214, 962.8656005859375)]
Class 2
Top X:  [(3, 4654.390625), (14, 4873.59765625), (136, 4059.5546875), (142, 5028.318359375), (147, 5010.24658203125), (160, 3818.3212890625), (197, 3623.336181640625), (254, 3621.2236328125)]
Bottom X:  [(2, 719.4972534179688), (46, 628.7160034179688), (49, 718.971435546875), (57, 699.8792114257812), (65, 655.6349487304688), (156, 668.2344360351562), (175, 715.0284423828125), (233, 700.1097412109375)]
Class 3
Top X:  [(16, 3335.401123046875), (101, 3297.765380859375), (136, 4329.66943359375), (142, 3866.979736328125), (147, 3679.82861328125), (180, 3204.8076171875), (195, 3571.55615234375), (206, 3257.757568359375)]
Bottom X:  [(2, 706.4765014648438), (46, 734.4225463867188), (49, 820.4782104492188), (77, 922.7459716796875), (105, 630.3759765625), (166, 933.7014770507812), (182, 926.6652221679688), (233, 828.3304443359375)]
Class 4
Top X:  [(14, 4163.15576171875), (25, 4836.4638671875), (42, 4083.200927734375), (136, 4755.4736328125), (142, 4482.2265625), (147, 5675.4287109375), (160, 4190.7373046875), (220, 4306.39306640625)]
Bottom X:  [(1, 500.33172607421875), (39, 626.8771362304688), (49, 549.0831298828125), (65, 592.9412231445312), (105, 679.9705810546875), (112, 672.4049072265625), (233, 584.600830078125), (252, 715.069580078125)]
Class 5
Top X:  [(0, 3837.469482421875), (55, 3692.7177734375), (101, 3690.41455078125), (136, 4279.8935546875), (142, 3711.3623046875), (147, 3600.6083984375), (195, 3801.78759765625), (206, 3658.8427734375)]
Bottom X:  [(2, 607.1055908203125), (46, 692.72705078125), (49, 778.4329223632812), (70, 809.2120971679688), (105, 522.2763061523438), (137, 790.7841796875), (166, 769.6226196289062), (182, 708.7356567382812)]
Class 6
Top X:  [(14, 5762.9169921875), (25, 4673.4697265625), (45, 3768.626953125), (92, 3965.4384765625), (130, 4850.974609375), (136, 3829.52734375), (142, 4307.33203125), (158, 4102.0703125)]
Bottom X:  [(49, 384.2137451171875), (65, 467.0328369140625), (70, 581.6807250976562), (122, 468.8451843261719), (131, 581.752685546875), (169, 567.3644409179688), (230, 611.21435546875), (233, 281.560302734375)]
Class 7
Top X:  [(73, 3625.587890625), (74, 3414.341796875), (132, 3420.8154296875), (142, 3865.035400390625), (147, 3991.31982421875), (155, 4092.00244140625), (160, 3615.87939453125), (217, 3327.50244140625)]
Bottom X:  [(1, 939.235107421875), (49, 859.7249755859375), (103, 774.0325317382812), (105, 878.2059326171875), (156, 736.0930786132812), (166, 651.13720703125), (190, 895.3284912109375), (205, 796.4049072265625)]
Class 8
Top X:  [(14, 4520.744140625), (25, 4450.4921875), (87, 4854.9130859375), (94, 4758.10498046875), (141, 5510.92578125), (142, 5253.89453125), (147, 6909.71630859375), (158, 4533.35107421875)]
Bottom X:  [(103, 565.714111328125), (156, 393.4419250488281), (166, 247.70254516601562), (177, 447.94110107421875), (210, 413.6461486816406), (219, 470.1993713378906), (239, 469.518310546875), (252, 574.111572265625)]
Class 9
Top X:  [(25, 4316.4462890625), (48, 3709.103515625), (110, 3841.78271484375), (122, 4620.58154296875), (147, 5461.5380859375), (148, 4358.4580078125), (167, 3767.0888671875), (191, 3902.24658203125)]
Bottom X:  [(83, 882.220458984375), (103, 584.372802734375), (156, 895.9825439453125), (166, 323.6936950683594), (185, 655.880615234375), (209, 820.1174926757812), (213, 820.9087524414062), (223, 614.47607421875)]

Shared activation values
Ratio of top intersection to top total: 0/8
Ratio of bottom intersection to bottom total: 0/8
Shared filter indices
Ratio of top intersection to top total: 0/8
Ratio of bottom intersection to bottom total: 0/8


Layer 5
Class 0
Top X:  [(30, 3715.65869140625), (55, 3963.923095703125), (75, 3493.2158203125), (94, 3455.25146484375), (163, 4411.416015625), (174, 3258.31494140625), (223, 3198.082275390625), (234, 4150.4990234375)]
Bottom X:  [(7, 361.8939208984375), (15, 335.216552734375), (104, 193.658447265625), (141, 297.6821594238281), (145, 380.376220703125), (162, 334.2234802246094), (190, 242.6123809814453), (208, 337.36572265625)]
Class 1
Top X:  [(20, 4653.6552734375), (36, 3295.23876953125), (41, 2885.45361328125), (78, 2888.17626953125), (86, 3372.50390625), (89, 4108.46875), (100, 3707.340087890625), (142, 3783.060546875)]
Bottom X:  [(9, 540.3526611328125), (15, 548.3070678710938), (65, 493.385986328125), (104, 455.334228515625), (152, 477.2519226074219), (182, 617.5460815429688), (190, 596.1055297851562), (247, 402.58416748046875)]
Class 2
Top X:  [(55, 3631.4453125), (64, 3558.62939453125), (67, 3136.817626953125), (94, 4031.160888671875), (161, 3927.404296875), (163, 3718.5888671875), (207, 3746.654296875), (234, 3836.7900390625)]
Bottom X:  [(14, 442.2082824707031), (105, 385.7947082519531), (123, 376.1480407714844), (141, 237.26895141601562), (164, 270.9656982421875), (179, 434.78717041015625), (190, 223.41505432128906), (204, 413.2649230957031)]
Class 3
Top X:  [(52, 2916.706787109375), (55, 2822.6572265625), (99, 2964.56103515625), (161, 3173.7294921875), (163, 2953.16015625), (234, 3117.03759765625), (236, 3021.212158203125), (252, 3240.275146484375)]
Bottom X:  [(14, 473.2322692871094), (105, 455.0105285644531), (109, 453.2650451660156), (141, 364.9845275878906), (164, 362.264404296875), (190, 295.4870300292969), (213, 409.21136474609375), (228, 494.4565734863281)]
Class 4
Top X:  [(55, 3960.908935546875), (94, 3612.242919921875), (161, 3504.470703125), (163, 3447.53564453125), (172, 3860.270263671875), (207, 4379.6279296875), (234, 3770.321044921875), (252, 3307.05810546875)]
Bottom X:  [(14, 315.0250549316406), (87, 329.89697265625), (105, 304.6259765625), (164, 231.1464080810547), (190, 331.7503356933594), (204, 241.09671020507812), (213, 313.9945983886719), (228, 290.67803955078125)]
Class 5
Top X:  [(52, 3131.8818359375), (80, 3096.037109375), (99, 3193.947998046875), (125, 3237.62744140625), (137, 3354.034423828125), (161, 3433.91748046875), (168, 2962.828125), (181, 3018.9453125)]
Bottom X:  [(14, 402.9062194824219), (105, 329.1539306640625), (141, 256.1136779785156), (164, 284.3466796875), (179, 426.8275451660156), (190, 258.5916748046875), (204, 341.3062438964844), (213, 363.86639404296875)]
Class 6
Top X:  [(44, 4030.69287109375), (77, 3957.539306640625), (84, 3577.89697265625), (161, 3874.8359375), (172, 4860.0712890625), (192, 3584.706298828125), (207, 4669.884765625), (234, 3505.70849609375)]
Bottom X:  [(14, 300.2840881347656), (73, 283.419921875), (105, 304.0952453613281), (109, 323.0548095703125), (164, 256.28009033203125), (179, 311.7100830078125), (213, 275.60443115234375), (228, 197.94232177734375)]
Class 7
Top X:  [(94, 3215.15625), (108, 2877.45458984375), (114, 2892.65283203125), (158, 3147.062744140625), (161, 3126.0615234375), (166, 3354.494384765625), (171, 3055.38232421875), (194, 2922.26171875)]
Bottom X:  [(8, 370.5374755859375), (71, 506.7010192871094), (105, 391.4600830078125), (141, 469.2456359863281), (164, 330.26629638671875), (190, 382.66680908203125), (204, 342.9835205078125), (247, 408.21002197265625)]
Class 8
Top X:  [(48, 4404.2431640625), (54, 4623.23974609375), (55, 3795.82373046875), (148, 3548.91943359375), (163, 3815.100830078125), (171, 3757.04248046875), (174, 3526.8349609375), (234, 4328.8681640625)]
Bottom X:  [(3, 307.43988037109375), (15, 284.59814453125), (104, 339.30377197265625), (162, 394.94281005859375), (203, 356.963623046875), (208, 260.33245849609375), (210, 405.8634033203125), (241, 430.43914794921875)]
Class 9
Top X:  [(20, 3697.28564453125), (41, 4194.36767578125), (48, 3696.994384765625), (50, 3613.0966796875), (86, 3706.76611328125), (89, 3805.470947265625), (90, 3490.623046875), (157, 4080.767333984375)]
Bottom X:  [(46, 481.0414733886719), (49, 551.2689208984375), (65, 475.5645751953125), (104, 266.0079345703125), (152, 486.1421203613281), (182, 523.1436157226562), (210, 539.629638671875), (247, 340.55023193359375)]

Shared activation values
Ratio of top intersection to top total: 0/8
Ratio of bottom intersection to bottom total: 0/8
Shared filter indices
Ratio of top intersection to top total: 0/8
Ratio of bottom intersection to bottom total: 0/8


Layer 6
Class 0
Top X:  [(84, 3695.643798828125), (100, 4889.748046875), (132, 3744.7646484375), (166, 4027.52978515625), (172, 10545.05859375), (181, 4234.94921875), (211, 3973.53173828125), (249, 13641.068359375)]
Bottom X:  [(4, 156.92013549804688), (21, 146.39627075195312), (154, 109.49329376220703), (164, 138.92880249023438), (179, 118.15043640136719), (213, 142.636962890625), (227, 171.69366455078125), (244, 99.90129852294922)]
Class 1
Top X:  [(36, 4707.7294921875), (53, 6051.9228515625), (100, 4625.62890625), (145, 6492.912109375), (166, 4578.0751953125), (172, 9099.947265625), (249, 14788.9482421875), (251, 5575.80078125)]
Bottom X:  [(4, 358.0522766113281), (43, 320.8952331542969), (51, 273.4427490234375), (79, 310.7511901855469), (96, 348.5860595703125), (99, 352.95599365234375), (206, 138.44219970703125), (253, 277.9896240234375)]
Class 2
Top X:  [(37, 3506.90283203125), (54, 3829.46923828125), (100, 4930.09716796875), (166, 5194.7275390625), (172, 10880.146484375), (190, 4302.0810546875), (249, 14339.9404296875), (255, 3416.0087890625)]
Bottom X:  [(3, 78.40408325195312), (21, 45.84148025512695), (126, 40.82430648803711), (164, 30.764827728271484), (179, 31.22478485107422), (213, 33.83271026611328), (227, 69.87420654296875), (242, 31.56475830078125)]
Class 3
Top X:  [(2, 5301.43359375), (100, 5678.84033203125), (166, 6502.4970703125), (172, 9492.619140625), (188, 3882.499267578125), (190, 4037.322998046875), (217, 4249.248046875), (249, 13509.6259765625)]
Bottom X:  [(3, 111.18721008300781), (21, 76.38197326660156), (126, 87.82261657714844), (164, 69.91508483886719), (179, 90.86663818359375), (206, 95.54119873046875), (213, 77.20592498779297), (242, 42.17548370361328)]
Class 4
Top X:  [(2, 4369.9990234375), (13, 4291.4638671875), (27, 4565.9384765625), (100, 5237.0986328125), (166, 5147.7373046875), (172, 11273.0810546875), (216, 4299.21044921875), (249, 13958.0859375)]
Bottom X:  [(21, 28.152259826660156), (126, 28.298934936523438), (147, 41.4342041015625), (164, 45.52915954589844), (179, 39.09050750732422), (206, 38.74458694458008), (213, 41.76932907104492), (242, 19.31348419189453)]
Class 5
Top X:  [(100, 6153.4365234375), (122, 4344.96728515625), (166, 5724.75341796875), (172, 9931.357421875), (217, 4999.7431640625), (219, 5216.3662109375), (228, 4249.06982421875), (249, 14273.3671875)]
Bottom X:  [(21, 52.4326286315918), (126, 43.96149444580078), (147, 63.08916473388672), (164, 46.489219665527344), (179, 49.826171875), (206, 77.34596252441406), (213, 45.3857421875), (242, 30.773834228515625)]
Class 6
Top X:  [(91, 5328.7998046875), (100, 5352.15234375), (166, 6208.34716796875), (172, 11213.421875), (181, 5887.90087890625), (188, 6788.45703125), (214, 4892.22265625), (249, 13735.607421875)]
Bottom X:  [(21, 15.632864952087402), (126, 16.28803253173828), (147, 23.220958709716797), (164, 20.724374771118164), (179, 24.243972778320312), (213, 22.287220001220703), (242, 14.899358749389648), (244, 32.478736877441406)]
Class 7
Top X:  [(36, 4661.8837890625), (100, 5290.7548828125), (172, 10128.982421875), (176, 4377.7734375), (195, 4428.57568359375), (209, 4234.01953125), (216, 5309.2978515625), (249, 14397.9208984375)]
Bottom X:  [(21, 71.47415161132812), (126, 78.24664306640625), (164, 85.57030487060547), (179, 75.99668884277344), (206, 64.55953979492188), (213, 68.67636108398438), (227, 94.11824035644531), (242, 44.045143127441406)]
Class 8
Top X:  [(74, 5036.73046875), (87, 6914.078125), (100, 6170.40234375), (115, 4306.16845703125), (172, 10902.697265625), (189, 6350.0361328125), (211, 6182.97607421875), (249, 13432.45703125)]
Bottom X:  [(22, 216.4826202392578), (24, 151.27622985839844), (48, 166.5933380126953), (154, 134.00222778320312), (162, 215.88784790039062), (177, 220.7327117919922), (222, 191.0400390625), (244, 112.4899673461914)]
Class 9
Top X:  [(53, 5918.75341796875), (100, 5703.78515625), (166, 4510.072265625), (167, 4640.203125), (172, 9675.876953125), (199, 4758.5732421875), (211, 5832.3056640625), (249, 14191.09765625)]
Bottom X:  [(43, 185.093994140625), (49, 153.853515625), (60, 133.0600128173828), (79, 220.4398651123047), (96, 220.9788818359375), (184, 198.1206512451172), (206, 57.66477966308594), (246, 251.31773376464844)]

Shared activation values
Ratio of top intersection to top total: 0/8
Ratio of bottom intersection to bottom total: 0/8
Shared filter indices
Ratio of top intersection to top total: 3/8
Ratio of bottom intersection to bottom total: 0/8


Layer 7
Class 0
Top X:  [(15, 4064.950927734375), (33, 4597.3466796875), (38, 5772.8984375), (95, 4209.2080078125), (117, 7250.189453125), (145, 4693.98779296875), (182, 4922.46875), (200, 4231.5361328125)]
Bottom X:  [(34, 246.39797973632812), (44, 229.0170440673828), (45, 205.63568115234375), (66, 250.31924438476562), (99, 156.69285583496094), (128, 227.5120849609375), (223, 205.88906860351562), (248, 223.47625732421875)]
Class 1
Top X:  [(3, 4779.40380859375), (62, 4804.9990234375), (89, 5465.08740234375), (106, 4284.248046875), (134, 5267.11083984375), (193, 4750.5048828125), (197, 4706.02685546875), (204, 4560.22119140625)]
Bottom X:  [(28, 247.9714813232422), (34, 233.70266723632812), (52, 188.7783660888672), (56, 276.843017578125), (60, 249.24574279785156), (75, 285.0714111328125), (90, 275.7343444824219), (135, 72.77333068847656)]
Class 2
Top X:  [(2, 4538.458984375), (38, 5605.0791015625), (46, 4405.4326171875), (117, 5685.33642578125), (118, 4978.01953125), (145, 4659.7802734375), (156, 7003.43798828125), (185, 4314.70166015625)]
Bottom X:  [(97, 175.7994384765625), (99, 102.2161636352539), (104, 116.28816986083984), (165, 168.68374633789062), (191, 157.1268310546875), (223, 148.98947143554688), (242, 176.97525024414062), (255, 161.88232421875)]
Class 3
Top X:  [(15, 4797.6103515625), (16, 7190.583984375), (33, 4745.234375), (57, 7472.24169921875), (68, 5110.8486328125), (156, 7599.10009765625), (198, 5105.27685546875), (214, 5261.2216796875)]
Bottom X:  [(10, 188.73602294921875), (45, 184.77684020996094), (99, 132.12242126464844), (165, 127.28788757324219), (191, 158.3329620361328), (220, 173.3768310546875), (223, 170.16773986816406), (242, 191.7771453857422)]
Class 4
Top X:  [(16, 6959.8427734375), (38, 4792.228515625), (54, 5478.6240234375), (76, 4513.12353515625), (117, 5558.8525390625), (155, 4843.7109375), (189, 5182.14208984375), (209, 5478.302734375)]
Bottom X:  [(97, 122.07931518554688), (99, 104.64797973632812), (190, 0.20085018873214722), (191, 113.47148132324219), (193, 82.97801208496094), (223, 125.51402282714844), (242, 127.98928833007812), (255, 125.8316650390625)]
Class 5
Top X:  [(27, 6381.6943359375), (57, 6569.04833984375), (69, 4523.7294921875), (106, 4736.3740234375), (118, 4968.4892578125), (138, 4398.02734375), (156, 5691.814453125), (209, 5495.9013671875)]
Bottom X:  [(28, 166.48193359375), (39, 169.18585205078125), (45, 168.52822875976562), (97, 163.536376953125), (99, 137.12283325195312), (165, 136.16152954101562), (191, 143.01617431640625), (220, 171.78121948242188)]
Class 6
Top X:  [(6, 4344.7353515625), (27, 7596.3916015625), (31, 5299.818359375), (46, 4492.826171875), (57, 7807.41455078125), (83, 4923.35546875), (89, 7021.779296875), (214, 4600.9443359375)]
Bottom X:  [(36, 92.65010070800781), (39, 82.0380859375), (97, 77.62183380126953), (99, 69.58363342285156), (179, 115.98239135742188), (191, 89.27473449707031), (223, 84.70552825927734), (242, 78.11029815673828)]
Class 7
Top X:  [(33, 4838.9658203125), (37, 4551.8505859375), (76, 7141.70361328125), (86, 4641.76318359375), (95, 4359.15576171875), (117, 6774.109375), (120, 4501.40576171875), (189, 5301.322265625)]
Bottom X:  [(45, 186.1861114501953), (97, 191.4016876220703), (99, 136.58807373046875), (128, 184.0355224609375), (160, 181.61419677734375), (191, 146.44651794433594), (223, 168.43765258789062), (242, 189.1364288330078)]
Class 8
Top X:  [(15, 5625.0986328125), (38, 5293.6005859375), (51, 4442.0322265625), (105, 5478.72900390625), (177, 5356.771484375), (198, 4940.7255859375), (211, 4784.24462890625), (214, 5286.8037109375)]
Bottom X:  [(45, 159.84408569335938), (55, 163.21951293945312), (91, 172.0619354248047), (165, 193.61680603027344), (193, 190.75938415527344), (195, 167.51393127441406), (227, 125.12376403808594), (248, 163.64508056640625)]
Class 9
Top X:  [(54, 5405.7412109375), (105, 4599.091796875), (134, 5233.5400390625), (143, 5123.43408203125), (155, 4560.50390625), (168, 4466.1630859375), (182, 5681.13916015625), (214, 5293.455078125)]
Bottom X:  [(28, 163.669677734375), (60, 226.95852661132812), (99, 232.52923583984375), (110, 254.20098876953125), (128, 165.02639770507812), (135, 67.28472137451172), (165, 187.5972137451172), (199, 252.05526733398438)]

Shared activation values
Ratio of top intersection to top total: 0/8
Ratio of bottom intersection to bottom total: 0/8
Shared filter indices
Ratio of top intersection to top total: 0/8
Ratio of bottom intersection to bottom total: 0/8


Layer 8
Class 0
Top X:  [(42, 937.3661499023438), (46, 1287.76318359375), (53, 989.434326171875), (62, 948.0240478515625), (83, 1010.56591796875), (104, 964.2262573242188), (198, 1079.084716796875), (215, 1478.906005859375), (253, 1408.132568359375), (281, 1116.700927734375), (293, 975.49658203125), (358, 1012.9700317382812), (359, 1012.0393676757812), (378, 935.690185546875), (455, 964.9515380859375), (486, 1392.2564697265625)]
Bottom X:  [(8, 12.085931777954102), (16, 7.072145938873291), (23, 16.322799682617188), (30, 18.305381774902344), (70, 19.474876403808594), (101, 8.877788543701172), (123, 7.869534015655518), (221, 12.909163475036621), (333, 11.85659122467041), (374, 18.712505340576172), (402, 13.125329971313477), (417, 17.34307098388672), (426, 3.5228447914123535), (443, 13.239019393920898), (481, 18.279083251953125), (503, 14.87827205657959)]
Class 1
Top X:  [(7, 959.71728515625), (59, 1332.00390625), (67, 1007.4855346679688), (72, 930.3997802734375), (105, 1007.9783325195312), (121, 1405.237548828125), (166, 1189.833984375), (174, 1050.1143798828125), (192, 1099.280517578125), (239, 999.8079833984375), (245, 964.9404296875), (253, 1065.757080078125), (433, 998.803466796875), (441, 1001.5069580078125), (458, 1286.4542236328125), (503, 1032.561767578125)]
Bottom X:  [(2, 8.581876754760742), (37, 9.605344772338867), (82, 19.149864196777344), (122, 18.353744506835938), (123, 4.29057502746582), (131, 25.138235092163086), (178, 11.737638473510742), (216, 16.23430824279785), (218, 12.048660278320312), (242, 20.983774185180664), (262, 9.939676284790039), (315, 21.608890533447266), (328, 22.465911865234375), (335, 12.485258102416992), (464, 25.791242599487305), (476, 20.058563232421875)]
Class 2
Top X:  [(42, 1205.3720703125), (53, 1136.339111328125), (59, 1020.4481201171875), (104, 1034.278076171875), (110, 1058.44140625), (114, 1066.2701416015625), (174, 1034.2352294921875), (204, 1393.3111572265625), (274, 1189.6416015625), (281, 1287.58349609375), (293, 1093.00927734375), (295, 1101.28466796875), (339, 1031.35205078125), (378, 1046.964599609375), (391, 987.7891845703125), (455, 1089.354248046875)]
Bottom X:  [(23, 8.170930862426758), (61, 4.182107925415039), (87, 8.77874755859375), (88, 8.695077896118164), (109, 4.930265426635742), (120, 2.471179962158203), (123, 6.356934070587158), (221, 6.956336975097656), (242, 10.597702980041504), (325, 11.184150695800781), (395, 7.469452857971191), (411, 6.937455654144287), (418, 11.609283447265625), (443, 3.621568202972412), (468, 3.8803298473358154), (475, 8.623138427734375)]
Class 3
Top X:  [(7, 1045.0537109375), (42, 1573.0220947265625), (53, 1657.5068359375), (62, 1092.2685546875), (95, 943.9755249023438), (114, 1282.9390869140625), (138, 1077.802978515625), (215, 1454.116943359375), (253, 1043.494384765625), (281, 1490.8212890625), (293, 1338.3720703125), (378, 1315.805419921875), (425, 971.5838623046875), (441, 963.6436157226562), (455, 1349.822265625), (458, 1149.5726318359375)]
Bottom X:  [(45, 2.941373109817505), (173, 4.903087139129639), (176, 3.8620896339416504), (181, 2.6318583488464355), (221, 3.311506986618042), (225, 5.395652770996094), (234, 2.275332450866699), (296, 2.7756080627441406), (298, 6.516792297363281), (385, 1.6566742658615112), (415, 1.663765549659729), (417, 2.372861385345459), (423, 5.915172100067139), (443, 2.2614173889160156), (449, 6.566790580749512), (481, 4.503177642822266)]
Class 4
Top X:  [(46, 1440.80029296875), (53, 1487.7119140625), (115, 1379.664306640625), (157, 1406.9736328125), (224, 1646.01123046875), (266, 1334.7392578125), (281, 1486.09765625), (293, 1317.7322998046875), (300, 1357.846435546875), (306, 1579.183349609375), (360, 1546.877685546875), (378, 1279.1043701171875), (391, 1355.73828125), (402, 1437.63671875), (455, 1318.2783203125), (472, 1650.811767578125)]
Bottom X:  [(45, 1.4028942584991455), (88, 6.866754531860352), (120, 7.178958415985107), (181, 7.640871047973633), (221, 2.851871967315674), (225, 4.494512557983398), (240, 8.441349983215332), (385, 3.7757368087768555), (411, 5.130382537841797), (417, 6.3646979331970215), (434, 4.252112865447998), (443, 8.020143508911133), (468, 4.642512321472168), (475, 5.385066032409668), (481, 5.301165580749512), (503, 2.2022809982299805)]
Class 5
Top X:  [(42, 1667.70361328125), (53, 1223.9588623046875), (59, 1034.98583984375), (62, 1543.983642578125), (192, 1213.708984375), (204, 1124.038330078125), (215, 1566.7010498046875), (281, 1149.165771484375), (290, 1017.9930419921875), (291, 1220.200439453125), (293, 1023.5320434570312), (360, 1019.9835205078125), (402, 1390.88037109375), (455, 1024.021240234375), (458, 1260.2822265625), (472, 1413.0631103515625)]
Bottom X:  [(45, 1.3588907718658447), (109, 6.559869289398193), (140, 8.685728073120117), (176, 1.7047086954116821), (221, 6.384448051452637), (276, 6.993910789489746), (292, 6.888326168060303), (296, 4.1947736740112305), (307, 8.500314712524414), (385, 1.2802585363388062), (415, 3.1711275577545166), (417, 2.775393009185791), (443, 4.342166900634766), (470, 6.318769454956055), (481, 3.9226796627044678), (503, 8.600849151611328)]
Class 6
Top X:  [(4, 1065.5491943359375), (115, 1284.408203125), (142, 1007.489990234375), (192, 1048.8009033203125), (193, 1168.909912109375), (263, 1130.014892578125), (281, 1052.712158203125), (288, 1091.9720458984375), (291, 1033.6533203125), (309, 1111.70751953125), (348, 1035.5028076171875), (396, 996.505859375), (402, 1418.134521484375), (406, 1121.4500732421875), (451, 1071.689453125), (509, 1074.384521484375)]
Bottom X:  [(88, 5.4720306396484375), (117, 8.635702133178711), (153, 4.962082862854004), (178, 3.9374213218688965), (181, 1.868558645248413), (234, 6.100754737854004), (240, 3.4749386310577393), (245, 6.832272529602051), (259, 10.32832145690918), (296, 5.792290687561035), (385, 9.386417388916016), (411, 1.646694302558899), (423, 10.005850791931152), (463, 10.589583396911621), (470, 9.455341339111328), (483, 9.634395599365234)]
Class 7
Top X:  [(30, 1047.3787841796875), (33, 1059.4840087890625), (62, 1263.37890625), (70, 1054.610107421875), (192, 1597.8355712890625), (204, 1568.093505859375), (215, 1674.58056640625), (227, 1075.2786865234375), (295, 1609.732421875), (299, 1115.29052734375), (349, 1063.7314453125), (360, 1495.1151123046875), (391, 1303.24560546875), (402, 1721.6629638671875), (437, 1373.9068603515625), (472, 1481.10009765625)]
Bottom X:  [(45, 2.610582113265991), (64, 10.065603256225586), (72, 4.327462196350098), (123, 2.569521427154541), (221, 7.151734352111816), (236, 9.876370429992676), (242, 5.672912120819092), (310, 3.652737855911255), (315, 7.726141929626465), (335, 7.4617838859558105), (411, 6.049522399902344), (417, 1.625150442123413), (434, 3.0569751262664795), (443, 4.89582633972168), (463, 8.091313362121582), (503, 1.7924256324768066)]
Class 8
Top X:  [(42, 940.3903198242188), (53, 1143.718994140625), (72, 940.7879638671875), (114, 1056.837890625), (198, 1036.015380859375), (253, 1035.3111572265625), (281, 1272.9119873046875), (293, 1103.389404296875), (339, 934.7405395507812), (358, 1024.642333984375), (373, 926.314697265625), (378, 1058.330322265625), (419, 1653.7841796875), (441, 938.058837890625), (455, 1092.9873046875), (486, 1166.1895751953125)]
Bottom X:  [(2, 9.072881698608398), (103, 2.6894750595092773), (123, 18.96889877319336), (173, 16.619625091552734), (178, 16.019563674926758), (181, 18.579984664916992), (189, 9.038742065429688), (193, 6.3690314292907715), (234, 7.6941022872924805), (292, 23.570016860961914), (296, 10.879680633544922), (323, 9.714069366455078), (333, 4.5471649169921875), (357, 10.471308708190918), (449, 23.24420928955078), (451, 15.697787284851074)]
Class 9
Top X:  [(46, 1502.8031005859375), (53, 1129.2291259765625), (62, 1182.5306396484375), (121, 1170.713623046875), (174, 1249.990234375), (198, 1778.665283203125), (215, 1469.552001953125), (281, 1084.791748046875), (288, 1445.7994384765625), (291, 1127.96826171875), (359, 1265.791259765625), (360, 1773.4931640625), (397, 1429.0712890625), (402, 1441.87353515625), (419, 2263.253662109375), (486, 1516.954833984375)]
Bottom X:  [(1, 14.16063404083252), (28, 25.8990478515625), (45, 4.27977991104126), (140, 39.47129821777344), (173, 12.123260498046875), (176, 13.828392028808594), (216, 23.59209442138672), (259, 25.405147552490234), (292, 12.332296371459961), (296, 15.780573844909668), (298, 32.92041778564453), (364, 33.42232894897461), (382, 37.50849151611328), (400, 34.813758850097656), (434, 23.972402572631836), (438, 26.999296188354492)]

Shared activation values
Ratio of top intersection to top total: 0/16
Ratio of bottom intersection to bottom total: 0/16
Shared filter indices
Ratio of top intersection to top total: 0/16
Ratio of bottom intersection to bottom total: 0/16


Layer 9
Class 0
Top X:  [(61, 608.5296630859375), (90, 778.314697265625), (116, 997.3749389648438), (161, 673.906005859375), (214, 631.4659423828125), (225, 612.871826171875), (230, 600.4945678710938), (232, 661.6312255859375), (267, 680.9246826171875), (332, 635.1658935546875), (425, 646.707275390625), (496, 781.954345703125), (509, 719.6076049804688)]
Bottom X:  [(4, 0.4458063244819641), (93, 2.27903413772583), (100, 0.029203059151768684), (152, 1.8200362920761108), (188, 1.0326366424560547), (280, 1.6602113246917725), (310, 0.13536572456359863), (336, 0.0482323057949543), (360, 0.16362258791923523), (387, 1.5607659816741943), (410, 0.12313904613256454), (432, 1.5958549976348877), (508, 2.409243106842041)]
Class 1
Top X:  [(26, 792.5134887695312), (116, 1504.9239501953125), (161, 812.251220703125), (176, 1131.36328125), (214, 958.246337890625), (225, 1035.6563720703125), (230, 877.0773315429688), (232, 908.89892578125), (267, 1084.047119140625), (332, 1035.33056640625), (344, 823.853271484375), (399, 751.342529296875), (509, 1106.3812255859375)]
Bottom X:  [(4, 0.47395145893096924), (100, 0.02247215062379837), (152, 1.3694757223129272), (188, 0.7621628046035767), (280, 1.6276452541351318), (310, 0.3928801417350769), (336, 0.0775827169418335), (360, 0.18677246570587158), (387, 1.2681739330291748), (410, 0.02490762062370777), (432, 1.5015888214111328), (459, 2.129826068878174), (508, 2.0621442794799805)]
Class 2
Top X:  [(116, 972.2540283203125), (161, 683.415771484375), (214, 611.460205078125), (225, 524.864501953125), (230, 538.5421142578125), (232, 600.9559936523438), (267, 652.7490844726562), (332, 558.9071044921875), (399, 764.529541015625), (425, 663.4364013671875), (473, 582.9266357421875), (496, 611.6739501953125), (509, 802.1256103515625)]
Bottom X:  [(4, 0.4629707932472229), (93, 1.5394220352172852), (100, 0.1077115535736084), (188, 0.8729531764984131), (208, 2.1007513999938965), (280, 1.7468891143798828), (300, 0.5055311918258667), (310, 0.1580265462398529), (336, 0.08884452283382416), (360, 0.06950122863054276), (387, 1.2179213762283325), (410, 0.22885525226593018), (462, 0.130350723862648)]
Class 3
Top X:  [(27, 543.838134765625), (61, 635.3406982421875), (116, 710.0156860351562), (123, 672.5872802734375), (161, 530.96826171875), (176, 554.345947265625), (177, 898.511474609375), (214, 560.4308471679688), (305, 558.2730712890625), (399, 613.245361328125), (425, 845.1766967773438), (496, 723.7718505859375), (509, 585.6456298828125)]
Bottom X:  [(4, 0.4469510316848755), (93, 0.5724526643753052), (100, 0.05166533589363098), (242, 0.5205557346343994), (283, 0.8685252666473389), (310, 0.5696399211883545), (336, 0.033088892698287964), (365, 1.4275786876678467), (373, 0.6886692047119141), (401, 1.232248306274414), (410, 0.10701417922973633), (451, 1.2099804878234863), (462, 0.5871816873550415)]
Class 4
Top X:  [(6, 592.1632080078125), (51, 929.2193603515625), (90, 598.461669921875), (116, 586.8873901367188), (161, 688.43017578125), (176, 947.0736083984375), (177, 917.624267578125), (393, 572.0535278320312), (394, 517.90087890625), (399, 553.4478149414062), (425, 590.9441528320312), (496, 544.4710693359375), (509, 663.4093017578125)]
Bottom X:  [(4, 0.47784966230392456), (100, 0.2904626429080963), (120, 0.30130064487457275), (188, 0.900501549243927), (242, 0.31129997968673706), (280, 1.8015828132629395), (300, 0.11950056254863739), (310, 0.2247738540172577), (336, 0.2652490437030792), (387, 1.1992815732955933), (401, 1.2990100383758545), (410, 0.5964492559432983), (462, 1.4107111692428589)]
Class 5
Top X:  [(116, 1001.7714233398438), (123, 608.344970703125), (161, 634.7166137695312), (177, 1114.34375), (230, 639.8272094726562), (232, 630.3248291015625), (267, 659.5829467773438), (332, 623.74072265625), (399, 585.71533203125), (425, 776.8363647460938), (473, 592.9468994140625), (496, 723.3570556640625), (509, 893.0260009765625)]
Bottom X:  [(4, 0.4848473370075226), (93, 1.2554833889007568), (100, 0.0321182981133461), (152, 1.7798070907592773), (154, 0.0013018253957852721), (188, 1.1060457229614258), (280, 1.6554334163665771), (310, 0.48108363151550293), (336, 0.046391844749450684), (360, 0.32465213537216187), (387, 1.6561088562011719), (410, 0.08803363144397736), (432, 1.867754578590393)]
Class 6
Top X:  [(6, 753.35986328125), (51, 1059.55615234375), (116, 1109.22509765625), (137, 674.8133544921875), (161, 930.2791748046875), (214, 809.3289794921875), (232, 785.3109130859375), (267, 834.83935546875), (332, 820.5284423828125), (393, 858.0771484375), (399, 1035.443115234375), (473, 880.8900146484375), (509, 959.0205688476562)]
Bottom X:  [(4, 0.50040602684021), (46, 2.0765199661254883), (93, 0.4401107728481293), (100, 0.4518543481826782), (120, 1.499157190322876), (188, 0.47439250349998474), (208, 1.3967280387878418), (280, 1.804161548614502), (300, 0.5043762922286987), (310, 1.264767050743103), (336, 0.47307074069976807), (387, 0.7102798223495483), (410, 0.6353673934936523)]
Class 7
Top X:  [(61, 837.8128051757812), (116, 1308.23095703125), (161, 749.086181640625), (176, 941.3214111328125), (225, 745.8765258789062), (230, 842.5270385742188), (232, 797.4082641601562), (267, 822.5847778320312), (332, 767.927001953125), (425, 871.3001708984375), (473, 729.771484375), (496, 1118.399169921875), (509, 1014.074462890625)]
Bottom X:  [(4, 0.48641157150268555), (100, 0.054359667003154755), (152, 2.4274346828460693), (154, 0.0016975444741547108), (188, 0.7619133591651917), (208, 2.3397679328918457), (280, 1.6433095932006836), (310, 0.08427508175373077), (336, 0.1082170382142067), (360, 0.07267481088638306), (387, 1.1478140354156494), (410, 0.07250715792179108), (499, 2.454439163208008)]
Class 8
Top X:  [(116, 884.928466796875), (161, 734.5709228515625), (176, 967.88330078125), (177, 779.148681640625), (214, 730.246826171875), (230, 580.0197143554688), (232, 598.284423828125), (267, 586.7015991210938), (332, 558.6383666992188), (399, 811.4022216796875), (425, 651.7938842773438), (496, 621.7732543945312), (509, 641.5779418945312)]
Bottom X:  [(4, 0.44789189100265503), (100, 0.11092758923768997), (152, 2.4945361614227295), (188, 1.0390897989273071), (280, 1.7259266376495361), (300, 1.1398097276687622), (310, 0.6942893266677856), (336, 0.1404767483472824), (360, 0.05703495815396309), (387, 1.5218369960784912), (410, 0.1730647087097168), (459, 1.3742051124572754), (499, 2.4832167625427246)]
Class 9
Top X:  [(116, 1011.6676025390625), (161, 625.59033203125), (176, 1555.369140625), (177, 683.83203125), (214, 622.5368041992188), (225, 632.301513671875), (230, 665.0907592773438), (232, 643.3624267578125), (267, 651.4039306640625), (332, 682.49267578125), (344, 533.9596557617188), (496, 565.7589111328125), (509, 770.6292724609375)]
Bottom X:  [(4, 0.4634822607040405), (100, 0.05409524589776993), (152, 1.3627674579620361), (188, 1.124145269393921), (280, 1.6420135498046875), (310, 0.5531083941459656), (313, 2.1473727226257324), (336, 0.16558347642421722), (387, 1.6369900703430176), (410, 0.06113489344716072), (432, 0.8012527227401733), (461, 1.837847352027893), (508, 1.0888454914093018)]

Shared activation values
Ratio of top intersection to top total: 0/13
Ratio of bottom intersection to bottom total: 0/13
Shared filter indices
Ratio of top intersection to top total: 3/13
Ratio of bottom intersection to bottom total: 5/13


Layer 10
Class 0
Top X:  [(55, 297.83319091796875), (112, 346.660400390625), (170, 312.7309875488281), (171, 477.6177978515625), (178, 382.950439453125), (211, 672.650146484375), (250, 424.9510803222656), (311, 335.2454833984375), (342, 355.205810546875), (369, 300.02740478515625), (379, 364.11614990234375), (416, 301.0065612792969), (511, 449.92230224609375)]
Bottom X:  [(21, 0.48236531019210815), (76, 3.356977939605713), (93, 2.1959476470947266), (102, 0.5719648003578186), (115, 2.6238632202148438), (126, 2.1474552154541016), (153, 1.9462718963623047), (222, 0.6441679000854492), (300, 2.086771011352539), (315, 2.0119824409484863), (336, 2.134286403656006), (439, 2.6805713176727295), (464, 3.778792381286621)]
Class 1
Top X:  [(55, 491.3985595703125), (112, 516.2528076171875), (171, 456.4122314453125), (178, 505.92962646484375), (191, 443.2999572753906), (211, 614.674072265625), (250, 581.3421630859375), (311, 468.39349365234375), (318, 431.11688232421875), (342, 508.90081787109375), (344, 448.97491455078125), (369, 474.069091796875), (511, 583.65185546875)]
Bottom X:  [(21, 0.8670296669006348), (76, 3.116150379180908), (93, 2.053203821182251), (102, 1.0263736248016357), (115, 2.6331982612609863), (126, 2.096898078918457), (153, 1.833455204963684), (222, 0.7720130085945129), (300, 2.0338168144226074), (315, 1.957914113998413), (336, 2.11678147315979), (439, 2.6394381523132324), (464, 3.501706123352051)]
Class 2
Top X:  [(55, 298.50384521484375), (112, 322.9161376953125), (171, 507.71746826171875), (178, 373.4598693847656), (193, 326.0037841796875), (211, 660.91650390625), (250, 422.24853515625), (311, 329.0316162109375), (342, 332.89410400390625), (379, 359.66552734375), (413, 331.1345520019531), (499, 399.14129638671875), (511, 441.47552490234375)]
Bottom X:  [(21, 0.525518536567688), (76, 3.9527010917663574), (93, 2.4929087162017822), (102, 0.6141359806060791), (115, 2.6391329765319824), (126, 2.2252748012542725), (153, 2.170560836791992), (222, 0.6397583484649658), (300, 2.166745662689209), (315, 2.09714937210083), (336, 2.16640305519104), (386, 3.9969706535339355), (439, 2.7809672355651855)]
Class 3
Top X:  [(97, 249.26051330566406), (170, 250.85922241210938), (171, 398.30615234375), (178, 226.8374786376953), (211, 574.91357421875), (213, 198.0588836669922), (250, 239.96214294433594), (306, 227.4407196044922), (311, 183.66943359375), (341, 179.99058532714844), (371, 181.8200225830078), (379, 291.4259338378906), (511, 273.25701904296875)]
Bottom X:  [(21, 0.11114653944969177), (76, 3.1244544982910156), (93, 2.0718235969543457), (102, 0.13011780381202698), (115, 2.596853733062744), (126, 2.115818738937378), (153, 1.85299813747406), (222, 0.5149701237678528), (300, 2.054915428161621), (315, 1.97721266746521), (336, 2.125349998474121), (386, 1.836808204650879), (439, 2.6210780143737793)]
Class 4
Top X:  [(171, 474.55755615234375), (172, 464.36199951171875), (193, 485.28057861328125), (211, 595.409912109375), (212, 488.94189453125), (237, 456.92852783203125), (255, 460.9557189941406), (257, 456.08251953125), (321, 452.5943603515625), (413, 520.6124267578125), (444, 471.9147033691406), (454, 463.7025451660156), (499, 657.60498046875)]
Bottom X:  [(21, 0.1991589367389679), (76, 4.531320095062256), (93, 2.81166410446167), (102, 0.2251366674900055), (115, 2.6443004608154297), (126, 2.3165507316589355), (153, 2.418189525604248), (222, 0.5265219807624817), (300, 2.262108325958252), (315, 2.197132110595703), (336, 2.2002625465393066), (386, 1.9040240049362183), (439, 2.881134510040283)]
Class 5
Top X:  [(55, 280.449462890625), (112, 301.7098388671875), (170, 266.9432678222656), (171, 421.5532531738281), (178, 340.884521484375), (211, 594.35791015625), (250, 380.6142578125), (311, 301.21563720703125), (342, 313.45574951171875), (369, 275.79034423828125), (379, 309.7781982421875), (416, 265.65679931640625), (511, 401.29107666015625)]
Bottom X:  [(21, 0.5133025050163269), (76, 3.102477550506592), (93, 2.040863513946533), (102, 0.5996782183647156), (115, 2.602795124053955), (126, 2.0961244106292725), (153, 1.824175238609314), (154, 0.0002258254389744252), (222, 0.6093251705169678), (300, 2.0342092514038086), (315, 1.9579014778137207), (336, 2.1158056259155273), (439, 2.60782790184021)]
Class 6
Top X:  [(171, 547.1466064453125), (172, 541.7980346679688), (193, 552.3457641601562), (211, 627.6154174804688), (212, 577.45361328125), (237, 531.13134765625), (255, 538.6513671875), (257, 532.1043701171875), (321, 529.1629638671875), (413, 597.65087890625), (444, 551.2254028320312), (454, 542.6571655273438), (499, 775.8068237304688)]
Bottom X:  [(21, 0.7185384035110474), (93, 3.0848445892333984), (102, 0.8302087783813477), (115, 2.6889536380767822), (126, 2.3837530612945557), (153, 2.6263113021850586), (222, 0.6929171681404114), (300, 2.330286741256714), (315, 2.270826816558838), (319, 5.053362846374512), (336, 2.2270700931549072), (386, 4.986390113830566), (439, 2.9976398944854736)]
Class 7
Top X:  [(55, 360.3178405761719), (112, 406.0933532714844), (171, 448.52813720703125), (178, 426.516357421875), (191, 334.5390930175781), (211, 622.2130737304688), (250, 490.1710205078125), (311, 390.1031188964844), (342, 410.8128662109375), (344, 338.28857421875), (369, 357.6502685546875), (379, 346.34136962890625), (511, 498.98638916015625)]
Bottom X:  [(21, 0.6304610967636108), (76, 2.92288875579834), (93, 1.9442092180252075), (102, 0.7398331165313721), (115, 2.616331100463867), (126, 2.0632777214050293), (153, 1.7480875253677368), (222, 0.7059279084205627), (300, 1.999103307723999), (315, 1.9208749532699585), (336, 2.1009621620178223), (439, 2.588456630706787), (464, 3.2847537994384766)]
Class 8
Top X:  [(112, 309.59552001953125), (170, 295.7725524902344), (171, 481.53277587890625), (178, 368.5513000488281), (193, 306.7933654785156), (211, 643.0321044921875), (250, 398.29949951171875), (311, 312.9341125488281), (342, 327.1531982421875), (379, 357.6824035644531), (413, 307.53369140625), (499, 370.1689758300781), (511, 431.1550598144531)]
Bottom X:  [(21, 0.46912461519241333), (76, 3.8233790397644043), (93, 2.4417648315429688), (102, 0.5660982131958008), (115, 2.633822202682495), (126, 2.2170052528381348), (153, 2.1352500915527344), (222, 0.6204543113708496), (300, 2.1591572761535645), (315, 2.088192939758301), (336, 2.163581371307373), (386, 3.7545766830444336), (439, 2.7647457122802734)]
Class 9
Top X:  [(55, 335.4311828613281), (112, 368.09686279296875), (171, 476.37933349609375), (178, 444.82073974609375), (196, 334.91668701171875), (211, 651.5211181640625), (250, 486.02301025390625), (311, 384.913818359375), (342, 396.19378662109375), (369, 316.20947265625), (379, 373.35321044921875), (416, 342.95733642578125), (511, 511.39849853515625)]
Bottom X:  [(21, 0.6034903526306152), (76, 3.467829465866089), (93, 2.259714126586914), (102, 0.7227768898010254), (115, 2.634721040725708), (126, 2.162231206893921), (153, 1.9971294403076172), (222, 0.6694068908691406), (300, 2.102186679840088), (315, 2.0292129516601562), (336, 2.1407716274261475), (439, 2.7063405513763428), (464, 3.9060425758361816)]

Shared activation values
Ratio of top intersection to top total: 0/13
Ratio of bottom intersection to bottom total: 0/13
Shared filter indices
Ratio of top intersection to top total: 2/13
Ratio of bottom intersection to bottom total: 11/13


Layer 11
Class 0
Top X:  [(36, 306.1619873046875), (236, 310.67132568359375), (294, 393.0692443847656), (298, 305.3656005859375), (343, 291.4736328125), (404, 305.58050537109375), (412, 291.1661376953125), (434, 645.3735961914062), (470, 310.2431640625)]
Bottom X:  [(11, 4.068225280207116e-06), (64, 0.0004097068449482322), (122, 5.078664980828762e-05), (124, 1.881795651570428e-05), (143, 7.663065844099037e-06), (194, 0.0006480225129052997), (288, 0.0001890049024950713), (350, 3.344395736348815e-05), (503, 5.223770358497859e-07)]
Class 1
Top X:  [(36, 437.416259765625), (236, 442.4244384765625), (294, 559.3394775390625), (298, 437.8475036621094), (343, 413.7394104003906), (404, 437.5303955078125), (412, 417.2882385253906), (434, 972.594482421875), (470, 438.3840637207031)]
Bottom X:  [(11, 4.06940216635121e-06), (64, 0.0004905604291707277), (122, 5.115520252729766e-05), (124, 2.183385549869854e-05), (143, 7.676479071960784e-06), (280, 0.0006924059125594795), (288, 0.0001996663340833038), (350, 3.3981752494582906e-05), (503, 5.223861307968036e-07)]
Class 2
Top X:  [(17, 388.3480529785156), (31, 516.571044921875), (42, 457.64398193359375), (92, 444.2747497558594), (97, 479.09002685546875), (219, 564.0166625976562), (294, 453.4700012207031), (385, 384.905029296875), (434, 764.2894287109375)]
Bottom X:  [(11, 4.067032932653092e-06), (64, 0.00042676986777223647), (122, 5.0614271458471194e-05), (124, 1.9915443772333674e-05), (143, 7.66214361647144e-06), (194, 0.0006297907093539834), (288, 0.0001909287238959223), (350, 3.339341128594242e-05), (503, 5.223604944148974e-07)]
Class 3
Top X:  [(31, 226.1927032470703), (42, 198.685546875), (92, 193.01742553710938), (97, 205.39361572265625), (219, 240.27023315429688), (236, 173.8779296875), (294, 188.3931884765625), (298, 171.22927856445312), (434, 236.9935760498047)]
Bottom X:  [(11, 4.06694971388788e-06), (64, 0.00031369959469884634), (122, 5.0389196985634044e-05), (124, 1.443004293832928e-05), (143, 7.646161975571886e-06), (280, 0.0005720055778510869), (288, 0.00017479034431744367), (350, 3.279564407421276e-05), (503, 5.223751031735446e-07)]
Class 4
Top X:  [(17, 616.9011840820312), (31, 821.158203125), (42, 725.43310546875), (92, 707.98388671875), (97, 762.6934814453125), (219, 900.6906127929688), (385, 610.2662353515625), (410, 503.8460693359375), (499, 490.95416259765625)]
Bottom X:  [(11, 4.065545908815693e-06), (64, 0.000289583345875144), (122, 5.008322114008479e-05), (124, 1.3778339052805677e-05), (143, 7.636373084096704e-06), (194, 0.0005629881052300334), (288, 0.000171434017829597), (350, 3.239565558033064e-05), (503, 5.223496941653138e-07)]
Class 5
Top X:  [(36, 268.72186279296875), (236, 281.11358642578125), (294, 376.99395751953125), (298, 275.91912841796875), (343, 258.50469970703125), (404, 274.69427490234375), (412, 263.60400390625), (434, 613.7185668945312), (470, 271.55926513671875)]
Bottom X:  [(11, 4.067702320753597e-06), (64, 0.00040416361298412085), (122, 5.0702510634437203e-05), (124, 1.818315649870783e-05), (143, 7.660586561542004e-06), (280, 0.0006029395153746009), (288, 0.0001867574464995414), (350, 3.3364296541549265e-05), (503, 5.223790822128649e-07)]
Class 6
Top X:  [(17, 672.6336669921875), (31, 895.340087890625), (42, 787.71435546875), (92, 772.168212890625), (97, 830.5777587890625), (219, 988.5341796875), (385, 662.0653686523438), (410, 554.62744140625), (434, 810.7484741210938)]
Bottom X:  [(11, 4.066636392963119e-06), (64, 0.0004014548612758517), (122, 5.048049206379801e-05), (124, 1.8528910004533827e-05), (143, 7.653236934856977e-06), (194, 0.0006253654137253761), (288, 0.0001870812411652878), (350, 3.30472357745748e-05), (503, 5.223482730798423e-07)]
Class 7
Top X:  [(36, 352.1585388183594), (236, 359.94000244140625), (294, 441.4969482421875), (298, 356.83270263671875), (343, 333.73138427734375), (404, 356.0161437988281), (412, 339.13714599609375), (434, 714.3759765625), (470, 352.657958984375)]
Bottom X:  [(11, 4.068707312399056e-06), (64, 0.00043596711475402117), (122, 5.093467188999057e-05), (124, 1.9447772501735017e-05), (143, 7.667387762921862e-06), (280, 0.0006377673707902431), (288, 0.0001915467146318406), (350, 3.363353607710451e-05), (503, 5.223860739533848e-07)]
Class 8
Top X:  [(17, 359.00830078125), (31, 464.8363342285156), (42, 417.8848876953125), (92, 411.1641540527344), (97, 439.24969482421875), (219, 524.97021484375), (294, 328.21112060546875), (385, 350.43878173828125), (434, 501.8021240234375)]
Bottom X:  [(11, 4.067512236360926e-06), (64, 0.000364095059921965), (122, 5.056717782281339e-05), (124, 1.6755808246671222e-05), (143, 7.65291042625904e-06), (194, 0.000623903120867908), (288, 0.00018265254038851708), (350, 3.303914490970783e-05), (503, 5.223664629738778e-07)]
Class 9
Top X:  [(36, 336.3087158203125), (236, 337.1593017578125), (294, 333.1605224609375), (298, 337.16876220703125), (343, 314.1667175292969), (404, 338.6420593261719), (412, 317.0757141113281), (434, 501.5318603515625), (470, 332.78289794921875)]
Bottom X:  [(11, 4.068526777700754e-06), (64, 0.00037751809577457607), (122, 5.077636888017878e-05), (124, 1.6701946151442826e-05), (143, 7.656723028048873e-06), (194, 0.0006502789910882711), (288, 0.00018367072334513068), (350, 3.321160329505801e-05), (503, 5.223828907219286e-07)]

Shared activation values
Ratio of top intersection to top total: 0/9
Ratio of bottom intersection to bottom total: 0/9
Shared filter indices
Ratio of top intersection to top total: 0/9
Ratio of bottom intersection to bottom total: 8/9


Layer 12
Class 0
Top X:  [(25, 206.75328063964844), (118, 252.99493408203125), (149, 225.5992431640625), (156, 254.6860809326172), (160, 333.94268798828125), (306, 286.58453369140625), (319, 223.7145538330078), (371, 388.533203125), (408, 247.61196899414062)]
Bottom X:  [(51, 0.0007530287839472294), (53, 0.00025795423425734043), (123, 0.001412291545420885), (187, 0.001585453632287681), (262, 0.001705604838207364), (289, 0.0002061077975668013), (389, 0.0009339575190097094), (424, 0.0003992863348685205), (469, 0.0017907231813296676)]
Class 1
Top X:  [(25, 294.5340270996094), (118, 362.62799072265625), (149, 325.0893859863281), (156, 365.5958251953125), (160, 477.9470520019531), (306, 410.727783203125), (319, 320.94720458984375), (371, 554.333251953125), (408, 354.0505065917969)]
Bottom X:  [(51, 0.0007515351753681898), (53, 0.0002573974779807031), (123, 0.001409763004630804), (187, 0.0015610469272360206), (262, 0.0016614560736343265), (289, 0.00020606776524800807), (389, 0.0009335264330729842), (424, 0.0003989997785538435), (469, 0.0017899821978062391)]
Class 2
Top X:  [(105, 299.249755859375), (118, 239.3780975341797), (135, 267.7262878417969), (156, 239.64071655273438), (160, 314.9432678222656), (239, 372.43939208984375), (306, 271.1614990234375), (371, 366.400390625), (410, 252.03665161132812)]
Bottom X:  [(51, 0.0007505872054025531), (53, 0.00025805941550061107), (123, 0.001409477787092328), (187, 0.0015949469525367022), (262, 0.001732705277390778), (289, 0.00020596050308085978), (389, 0.0009300439851358533), (424, 0.00039855355862528086), (469, 0.0017815593164414167)]
Class 3
Top X:  [(13, 149.41944885253906), (118, 140.56195068359375), (149, 124.1902084350586), (156, 141.12750244140625), (160, 185.97715759277344), (239, 136.725341796875), (306, 160.32650756835938), (371, 217.3870086669922), (408, 138.69607543945312)]
Bottom X:  [(51, 0.0007440405897796154), (53, 0.00025775746325962245), (123, 0.00139414775185287), (187, 0.0015878091799095273), (262, 0.0017377815674990416), (289, 0.00020556671370286494), (382, 0.0008097827667370439), (389, 0.0009210646385326982), (424, 0.00039675450534559786)]
Class 4
Top X:  [(95, 292.4464111328125), (105, 412.7529296875), (135, 373.27392578125), (160, 191.29544067382812), (217, 292.25347900390625), (239, 518.48388671875), (272, 307.11956787109375), (371, 223.17431640625), (410, 350.5873107910156)]
Bottom X:  [(51, 0.0007452531717717648), (53, 0.00025813374668359756), (123, 0.0014001128729432821), (187, 0.0016090336721390486), (262, 0.00176924467086792), (289, 0.00020561882411129773), (389, 0.0009221556829288602), (424, 0.0003970067482441664), (469, 0.0017597824335098267)]
Class 5
Top X:  [(25, 191.72752380371094), (118, 234.8516845703125), (149, 209.30784606933594), (156, 235.66201782226562), (160, 309.11651611328125), (306, 267.28009033203125), (319, 207.15481567382812), (371, 359.05810546875), (408, 230.3634033203125)]
Bottom X:  [(51, 0.00074178003706038), (53, 0.0002572896773926914), (123, 0.0013904476072639227), (187, 0.0015667576808482409), (262, 0.0017019290244206786), (289, 0.00020543683785945177), (389, 0.000918843608815223), (424, 0.0003962297923862934), (469, 0.0017491260077804327)]
Class 6
Top X:  [(95, 346.3939208984375), (105, 487.8548583984375), (135, 443.9073486328125), (160, 380.556884765625), (217, 346.90185546875), (239, 615.03662109375), (272, 363.761474609375), (371, 441.41339111328125), (410, 415.7064514160156)]
Bottom X:  [(51, 0.0007499180501326919), (53, 0.00025797204580157995), (123, 0.0014109381008893251), (187, 0.0015982401091605425), (262, 0.0017339225159958005), (289, 0.00020596514514181763), (389, 0.0009301257086917758), (424, 0.0003983790520578623), (469, 0.0017831806326285005)]
Class 7
Top X:  [(25, 236.38995361328125), (118, 290.32086181640625), (149, 259.1351318359375), (156, 291.7354736328125), (160, 382.2910461425781), (306, 329.132080078125), (319, 256.45086669921875), (371, 443.6520690917969), (408, 283.9351806640625)]
Bottom X:  [(51, 0.0007461971254087985), (53, 0.00025735137751325965), (123, 0.0013992497697472572), (187, 0.0015637797769159079), (262, 0.0016794728580862284), (289, 0.00020568864420056343), (389, 0.0009252483141608536), (424, 0.00039749007555656135), (469, 0.0017674847040325403)]
Class 8
Top X:  [(105, 252.68870544433594), (118, 230.80303955078125), (135, 226.069091796875), (156, 232.21807861328125), (160, 305.10693359375), (239, 312.0932312011719), (306, 260.37060546875), (371, 355.2359313964844), (408, 224.68701171875)]
Bottom X:  [(51, 0.0007535351905971766), (53, 0.0002581667504273355), (123, 0.0014148204354569316), (187, 0.0016000622417777777), (262, 0.0017313279677182436), (289, 0.0002061733976006508), (389, 0.0009347461746074259), (424, 0.0003993702994193882), (469, 0.001793055678717792)]
Class 9
Top X:  [(25, 217.6673126220703), (118, 267.90283203125), (149, 238.64866638183594), (156, 269.6802673339844), (160, 353.76348876953125), (306, 302.8423156738281), (319, 236.82339477539062), (371, 410.65582275390625), (408, 261.4189453125)]
Bottom X:  [(51, 0.0007473603473044932), (53, 0.00025749392807483673), (123, 0.001401850488036871), (187, 0.0015731018502265215), (262, 0.0016919702757149935), (289, 0.000205784454010427), (389, 0.0009271153248846531), (424, 0.00039778236532583833), (469, 0.0017718980088829994)]

Shared activation values
Ratio of top intersection to top total: 0/9
Ratio of bottom intersection to bottom total: 0/9
Shared filter indices
Ratio of top intersection to top total: 2/9
Ratio of bottom intersection to bottom total: 8/9


Layer 13
Class 0
Top X:  [(3, 294.01104736328125), (35, 321.5846862792969), (45, 448.1764831542969), (87, 350.6947021484375), (115, 319.25048828125), (128, 755.2219848632812), (167, 332.39483642578125), (213, 266.63165283203125), (229, 631.2938232421875), (267, 277.73858642578125), (288, 357.91632080078125), (298, 274.4638671875), (324, 645.4194946289062), (421, 343.869384765625), (440, 272.8677978515625), (458, 355.7879638671875)]
Bottom X:  [(20, 0.34606969356536865), (64, 0.2894400954246521), (88, 0.16817963123321533), (102, 0.0738917738199234), (121, 0.1577034294605255), (138, 0.242058664560318), (142, 0.20274901390075684), (181, 0.04473220556974411), (276, 0.117404043674469), (302, 0.03502848371863365), (330, 0.295919269323349), (354, 0.11363664269447327), (384, 0.21676874160766602), (475, 0.23295220732688904), (503, 0.10040831565856934), (508, 0.2123868763446808)]
Class 1
Top X:  [(40, 318.8084716796875), (45, 549.9786376953125), (80, 425.75567626953125), (84, 327.6828308105469), (115, 458.0098876953125), (128, 942.1605224609375), (136, 315.89495849609375), (167, 407.322265625), (172, 301.6465148925781), (185, 352.24017333984375), (229, 308.54010009765625), (275, 304.4355163574219), (298, 336.28533935546875), (324, 438.7109375), (343, 328.1923828125), (421, 433.58685302734375)]
Bottom X:  [(20, 0.31390172243118286), (88, 0.336036741733551), (102, 0.31008845567703247), (121, 0.1867944300174713), (142, 0.37465381622314453), (181, 0.002199179958552122), (186, 0.3967469334602356), (224, 0.15877918899059296), (276, 0.2598828077316284), (302, 0.0009605211671441793), (330, 0.3561590313911438), (354, 0.22117111086845398), (384, 0.2610830068588257), (475, 0.10475444793701172), (503, 0.1205051839351654), (508, 0.23116376996040344)]
Class 2
Top X:  [(45, 427.27813720703125), (51, 327.5462646484375), (87, 363.1925964355469), (128, 694.2472534179688), (167, 315.5916748046875), (185, 316.2822570800781), (204, 316.9033203125), (213, 348.9990234375), (222, 411.4766845703125), (229, 596.5989990234375), (252, 326.48492431640625), (267, 525.6514892578125), (288, 463.9223937988281), (324, 540.540771484375), (421, 450.12255859375), (458, 348.68304443359375)]
Bottom X:  [(37, 0.23347589373588562), (56, 0.12782789766788483), (88, 0.061045821756124496), (121, 0.1480189859867096), (142, 0.08882444351911545), (170, 0.11927801370620728), (181, 0.0008290046826004982), (276, 0.23679763078689575), (302, 0.006977800279855728), (354, 0.02999093011021614), (384, 0.2077294886112213), (389, 0.21002960205078125), (467, 0.22282584011554718), (475, 0.1245487630367279), (503, 0.10198305547237396), (508, 0.20020264387130737)]
Class 3
Top X:  [(3, 394.3785095214844), (35, 317.18023681640625), (41, 372.82122802734375), (45, 339.97711181640625), (51, 452.22625732421875), (63, 374.11566162109375), (87, 581.2056884765625), (128, 550.73388671875), (204, 391.80487060546875), (213, 456.7369384765625), (229, 932.5670166015625), (288, 612.9396362304688), (324, 867.2689208984375), (428, 388.3819580078125), (440, 417.79571533203125), (458, 637.8349609375)]
Bottom X:  [(20, 0.13325007259845734), (56, 0.10609926283359528), (64, 0.1096329391002655), (88, 0.16195042431354523), (102, 0.19243982434272766), (121, 0.11701379716396332), (142, 0.18587122857570648), (181, 0.00018850922060664743), (186, 0.19262947142124176), (302, 0.0002531485224608332), (330, 0.14980649948120117), (354, 0.10454589873552322), (384, 0.16864928603172302), (475, 0.09442110359668732), (503, 0.08067949116230011), (508, 0.17564697563648224)]
Class 4
Top X:  [(51, 419.5885009765625), (63, 497.28515625), (85, 439.17755126953125), (87, 484.38897705078125), (97, 404.6759033203125), (128, 512.6661376953125), (154, 438.03289794921875), (204, 653.6048583984375), (213, 422.4862060546875), (222, 534.7554931640625), (229, 762.022216796875), (252, 428.7786865234375), (267, 682.5438842773438), (288, 575.068359375), (324, 550.0354614257812), (458, 534.0904541015625)]
Bottom X:  [(20, 0.09096342325210571), (24, 0.03991022706031799), (56, 0.10419592261314392), (64, 0.17175379395484924), (88, 0.1684093475341797), (121, 0.11605575680732727), (138, 0.04596284031867981), (280, 0.08020738512277603), (302, 0.0002508122124709189), (339, 0.11563827842473984), (354, 0.13904839754104614), (384, 0.16486790776252747), (473, 0.1819143146276474), (475, 0.10803110897541046), (503, 0.08562356233596802), (508, 0.1803761124610901)]
Class 5
Top X:  [(3, 341.6011962890625), (41, 290.42962646484375), (45, 426.20941162109375), (63, 286.64617919921875), (87, 407.0093994140625), (115, 288.558837890625), (128, 703.0107421875), (167, 315.3144836425781), (213, 331.4643859863281), (229, 727.26904296875), (267, 297.45947265625), (288, 381.40130615234375), (324, 767.6052856445312), (421, 325.629638671875), (440, 305.1213073730469), (458, 440.4419250488281)]
Bottom X:  [(20, 0.045678481459617615), (88, 0.15343785285949707), (121, 0.140053391456604), (138, 0.1817256510257721), (142, 0.18125881254673004), (171, 0.1704617142677307), (276, 0.15417319536209106), (302, 5.330776548362337e-05), (313, 0.08831258118152618), (354, 0.09452386200428009), (437, 0.1735464185476303), (473, 0.12684673070907593), (474, 0.08811207115650177), (475, 0.014299556612968445), (493, 0.08812708407640457), (503, 0.09852305054664612)]
Class 6
Top X:  [(45, 467.71734619140625), (97, 465.0834045410156), (128, 747.87646484375), (182, 385.2213134765625), (185, 393.29998779296875), (204, 465.51641845703125), (222, 616.1093139648438), (229, 389.286376953125), (252, 496.5780029296875), (267, 788.4969482421875), (271, 379.0665283203125), (324, 369.49188232421875), (421, 576.8321533203125), (466, 443.5992736816406), (469, 444.39788818359375), (502, 368.74993896484375)]
Bottom X:  [(20, 0.2085304856300354), (56, 0.2545608878135681), (64, 0.4417196810245514), (88, 0.31855595111846924), (121, 0.15955792367458344), (142, 0.4270871877670288), (181, 0.0008176048286259174), (186, 0.388720840215683), (276, 0.44862931966781616), (302, 0.00019848591182380915), (330, 0.28441619873046875), (354, 0.2254014015197754), (384, 0.22123709321022034), (475, 0.08575613051652908), (503, 0.11358168721199036), (508, 0.20845143496990204)]
Class 7
Top X:  [(45, 481.67388916015625), (80, 267.6671142578125), (84, 286.37982177734375), (115, 359.8887939453125), (128, 810.7940673828125), (136, 278.09039306640625), (167, 357.5135192871094), (172, 264.6058349609375), (185, 271.1904296875), (229, 492.0645751953125), (288, 288.2243957519531), (298, 295.01495361328125), (324, 586.1641845703125), (343, 286.36761474609375), (421, 360.12066650390625), (458, 278.4520568847656)]
Bottom X:  [(20, 0.1131633073091507), (88, 0.2389453947544098), (102, 0.18989768624305725), (121, 0.1610860824584961), (138, 0.2590731382369995), (181, 0.00013707975449506193), (276, 0.05108954757452011), (302, 0.00013881105405744165), (313, 0.24038901925086975), (354, 0.18239335715770721), (384, 0.23217591643333435), (475, 0.04419819265604019), (493, 0.25230181217193604), (503, 0.10710877180099487), (508, 0.21910390257835388), (511, 0.23382753133773804)]
Class 8
Top X:  [(45, 423.17791748046875), (51, 318.2696533203125), (63, 317.1183776855469), (87, 398.443603515625), (128, 697.5946044921875), (167, 312.68133544921875), (204, 387.6455078125), (213, 360.87689208984375), (222, 363.0890197753906), (229, 666.3538818359375), (267, 462.8873291015625), (288, 450.3417663574219), (324, 562.1300048828125), (421, 413.1028137207031), (440, 298.391845703125), (458, 461.5931701660156)]
Bottom X:  [(20, 0.38546445965766907), (56, 0.3062770366668701), (64, 0.29677167534828186), (88, 0.330569326877594), (102, 0.17551732063293457), (121, 0.1509571671485901), (181, 0.23532038927078247), (186, 0.33062314987182617), (276, 0.37274134159088135), (302, 0.043486133217811584), (330, 0.22963762283325195), (354, 0.2227044552564621), (384, 0.20260775089263916), (475, 0.28069868683815), (503, 0.0985184982419014), (508, 0.2021048665046692)]
Class 9
Top X:  [(45, 460.9993591308594), (84, 271.68341064453125), (87, 291.27471923828125), (115, 323.21826171875), (128, 772.951904296875), (167, 341.8231506347656), (185, 271.6324157714844), (204, 361.819091796875), (229, 554.1420288085938), (267, 307.9272766113281), (288, 406.9995422363281), (298, 281.9368896484375), (324, 549.3223266601562), (343, 271.72686767578125), (421, 365.5762939453125), (458, 343.67962646484375)]
Bottom X:  [(20, 0.17981740832328796), (64, 0.2782948613166809), (102, 0.1846010684967041), (121, 0.15672752261161804), (181, 0.00330297090113163), (186, 0.3399680256843567), (276, 0.14613646268844604), (302, 0.0012489503715187311), (330, 0.2887198328971863), (354, 0.3512935936450958), (384, 0.22003695368766785), (473, 0.4356030821800232), (475, 0.09980647265911102), (503, 0.10287747532129288), (508, 0.21423736214637756), (511, 0.4061102271080017)]

Shared activation values
Ratio of top intersection to top total: 0/16
Ratio of bottom intersection to bottom total: 0/16
Shared filter indices
Ratio of top intersection to top total: 3/16
Ratio of bottom intersection to bottom total: 5/16


Layer 14
Class 0
Top X:  [(65, 351.9906005859375), (83, 308.029296875), (107, 285.6234130859375), (133, 671.68310546875), (161, 270.49810791015625), (181, 285.6492919921875), (207, 246.01986694335938), (249, 275.863037109375), (265, 482.63726806640625), (395, 261.5869140625), (398, 281.4193420410156), (408, 287.8071594238281), (413, 300.9047546386719), (424, 257.6632080078125), (509, 308.64288330078125), (511, 375.2148742675781)]
Bottom X:  [(4, 0.4961942434310913), (18, 0.40445461869239807), (24, 0.3969182074069977), (30, 0.06371000409126282), (77, 0.15123119950294495), (78, 0.26521801948547363), (157, 0.14249274134635925), (195, 0.060606833547353745), (243, 0.06591105461120605), (277, 0.5516555905342102), (342, 0.00040896161226555705), (368, 0.21463057398796082), (383, 0.4151788353919983), (416, 0.25685593485832214), (445, 0.007986114360392094), (468, 0.021399499848484993)]
Class 1
Top X:  [(119, 389.3246765136719), (133, 561.42041015625), (137, 296.00531005859375), (150, 396.0364990234375), (158, 394.4129638671875), (161, 437.6954040527344), (244, 311.5763854980469), (258, 447.48388671875), (374, 290.508056640625), (408, 543.9719848632812), (418, 656.3065795898438), (444, 296.874755859375), (456, 421.2141418457031), (477, 415.97955322265625), (478, 338.45709228515625), (499, 313.3228759765625)]
Bottom X:  [(11, 0.392480731010437), (12, 0.28217247128486633), (30, 0.06843170523643494), (46, 0.35848507285118103), (77, 0.23175552487373352), (78, 0.2484583705663681), (157, 0.17192696034908295), (195, 0.07099473476409912), (264, 0.28975939750671387), (284, 0.20045627653598785), (342, 0.0004100993392057717), (368, 0.32759201526641846), (416, 0.40968382358551025), (445, 0.008267099969089031), (463, 0.2796142101287842), (468, 0.024133993312716484)]
Class 2
Top X:  [(53, 296.4275207519531), (61, 264.3193054199219), (68, 249.1608428955078), (89, 292.5772705078125), (133, 482.2877197265625), (144, 296.4754943847656), (150, 391.42169189453125), (161, 320.9570007324219), (207, 305.45947265625), (227, 249.2621307373047), (253, 277.1934509277344), (387, 252.33358764648438), (393, 299.28204345703125), (398, 289.8807373046875), (408, 441.662353515625), (456, 305.563232421875)]
Bottom X:  [(4, 0.3648269474506378), (30, 0.06363198906183243), (77, 0.19896909594535828), (78, 0.17182312905788422), (195, 0.05740443989634514), (243, 0.15772774815559387), (277, 0.10235045850276947), (342, 0.00040890579111874104), (358, 0.32729318737983704), (368, 0.3066297471523285), (383, 0.16959582269191742), (416, 0.2842722237110138), (432, 0.133541077375412), (445, 0.007983868941664696), (468, 0.0273604653775692), (508, 0.4461839199066162)]
Class 3
Top X:  [(28, 360.0876770019531), (133, 543.936767578125), (167, 280.4568176269531), (181, 311.2335510253906), (182, 402.65374755859375), (207, 447.825927734375), (249, 338.51409912109375), (253, 279.4912414550781), (265, 345.350341796875), (306, 284.83465576171875), (326, 295.179931640625), (413, 274.375), (443, 294.6559753417969), (444, 315.8395080566406), (484, 262.603759765625), (511, 439.60565185546875)]
Bottom X:  [(4, 0.20977428555488586), (18, 0.49772942066192627), (30, 0.06323209404945374), (52, 0.4290979504585266), (77, 0.10292810946702957), (78, 0.21405549347400665), (127, 0.44600415229797363), (195, 0.06313849985599518), (228, 1.1780216693878174), (299, 0.8883286714553833), (342, 0.0004091080918442458), (368, 0.28640586137771606), (383, 0.14683306217193604), (416, 0.3854384422302246), (445, 0.007989061996340752), (468, 0.033296383917331696)]
Class 4
Top X:  [(28, 278.6192321777344), (83, 269.5383605957031), (89, 376.83062744140625), (144, 296.00921630859375), (146, 329.40631103515625), (160, 270.2437744140625), (182, 443.1333923339844), (207, 264.15802001953125), (222, 499.5524597167969), (275, 548.8836059570312), (307, 381.1095886230469), (382, 262.4769592285156), (393, 548.2044067382812), (395, 287.9861755371094), (443, 384.2503662109375), (509, 276.5421142578125)]
Bottom X:  [(4, 0.23201638460159302), (18, 0.40583714842796326), (30, 0.0636688619852066), (52, 0.44562411308288574), (77, 0.1237531378865242), (78, 0.1700810194015503), (119, 0.20407886803150177), (127, 0.34277814626693726), (195, 0.06286036968231201), (342, 0.0004088990390300751), (368, 0.3184136748313904), (383, 0.07851444184780121), (439, 0.3619576692581177), (445, 0.007941562682390213), (468, 0.03109145164489746), (508, 0.040745075792074203)]
Class 5
Top X:  [(0, 264.4279479980469), (28, 302.18646240234375), (74, 327.24951171875), (125, 271.06292724609375), (133, 379.45428466796875), (150, 368.6708984375), (158, 289.60516357421875), (161, 381.85662841796875), (170, 304.18841552734375), (249, 337.8515625), (398, 283.59686279296875), (408, 475.20599365234375), (444, 386.70458984375), (456, 349.9818115234375), (477, 247.2828826904297), (479, 251.66952514648438)]
Bottom X:  [(4, 0.32167717814445496), (22, 0.315662682056427), (30, 0.05869368091225624), (77, 0.13529640436172485), (78, 0.19749170541763306), (180, 0.27138131856918335), (195, 0.06327532231807709), (256, 0.35884931683540344), (342, 0.0004094291653018445), (368, 0.3994549512863159), (383, 0.17187857627868652), (407, 0.3713154196739197), (420, 0.3993450999259949), (445, 0.007914943620562553), (468, 0.030163591727614403), (508, 0.21994708478450775)]
Class 6
Top X:  [(61, 343.88116455078125), (74, 446.07489013671875), (89, 563.681640625), (161, 319.7105712890625), (182, 272.1177978515625), (222, 597.4111328125), (249, 280.3707580566406), (253, 306.60137939453125), (275, 658.3082275390625), (393, 816.7702026367188), (408, 270.9180908203125), (418, 469.62432861328125), (456, 389.48748779296875), (478, 288.69354248046875), (499, 322.943603515625), (509, 262.7966003417969)]
Bottom X:  [(4, 0.6410255432128906), (18, 0.5146750807762146), (30, 0.07554809749126434), (52, 0.9573157429695129), (77, 0.22807204723358154), (78, 0.2894700765609741), (127, 0.655540943145752), (195, 0.075951486825943), (342, 0.0004101708182133734), (368, 0.49305135011672974), (383, 0.48374730348587036), (416, 0.6463645696640015), (445, 0.008421665988862514), (468, 0.031363435089588165), (481, 1.2698997259140015), (508, 0.41991886496543884)]
Class 7
Top X:  [(125, 399.08477783203125), (133, 294.7163391113281), (137, 279.91607666015625), (150, 278.577880859375), (158, 339.2855224609375), (161, 300.66986083984375), (220, 259.7538146972656), (374, 246.97354125976562), (398, 311.1620178222656), (408, 317.83154296875), (418, 280.25982666015625), (444, 384.9423522949219), (456, 265.8452453613281), (477, 388.511962890625), (478, 305.1708984375), (509, 280.013916015625)]
Bottom X:  [(4, 0.44392913579940796), (18, 0.3884159326553345), (30, 0.05691131204366684), (77, 0.1816541999578476), (78, 0.1846875101327896), (157, 0.2842552065849304), (195, 0.06132188066840172), (243, 0.42756494879722595), (342, 0.0004092518938705325), (368, 0.2550851106643677), (383, 0.2542133629322052), (416, 0.32895466685295105), (420, 0.39614588022232056), (421, 0.4422604441642761), (445, 0.007845092564821243), (468, 0.02518915757536888)]
Class 8
Top X:  [(53, 299.35516357421875), (74, 302.02545166015625), (83, 312.58056640625), (170, 298.6681823730469), (237, 262.20355224609375), (249, 469.0896911621094), (258, 373.1953125), (262, 259.2342529296875), (265, 313.4548034667969), (306, 277.6367492675781), (372, 261.8048095703125), (393, 326.55615234375), (443, 288.31243896484375), (479, 360.2503967285156), (484, 304.4939270019531), (509, 338.3445129394531)]
Bottom X:  [(18, 0.5389175415039062), (30, 0.07502023875713348), (44, 0.2764403223991394), (52, 0.6766520142555237), (77, 0.1514645218849182), (78, 0.31283414363861084), (155, 0.12002962082624435), (160, 0.164970263838768), (195, 0.0708053708076477), (342, 0.00040960070327855647), (356, 0.3636617362499237), (368, 0.27458542585372925), (396, 0.36947205662727356), (416, 0.3820231258869171), (445, 0.008361360058188438), (468, 0.033133961260318756)]
Class 9
Top X:  [(83, 259.53564453125), (119, 312.58935546875), (125, 257.7945556640625), (137, 255.23118591308594), (158, 371.8146057128906), (181, 278.83709716796875), (190, 264.3977355957031), (253, 297.4776611328125), (265, 300.9314880371094), (372, 294.42266845703125), (418, 258.36358642578125), (444, 272.6424255371094), (477, 340.49176025390625), (478, 360.99920654296875), (484, 258.6250915527344), (509, 307.88690185546875)]
Bottom X:  [(4, 0.43414443731307983), (18, 0.5148032903671265), (30, 0.06685509532690048), (44, 0.14903420209884644), (52, 0.5464001893997192), (77, 0.18271905183792114), (78, 0.3305138349533081), (160, 0.10546949505805969), (195, 0.0735619068145752), (264, 0.5175650119781494), (342, 0.0004098517820239067), (368, 0.27148669958114624), (383, 0.32745060324668884), (416, 0.40122556686401367), (445, 0.008155476301908493), (468, 0.03895936906337738)]

Shared activation values
Ratio of top intersection to top total: 0/16
Ratio of bottom intersection to bottom total: 0/16
Shared filter indices
Ratio of top intersection to top total: 0/16
Ratio of bottom intersection to bottom total: 8/16


Layer 15
Class 0
Top X:  [(39, 1540.898681640625), (65, 1343.386962890625), (109, 1618.0888671875), (161, 1986.03564453125), (166, 1736.824951171875), (214, 1592.846923828125), (264, 1506.6488037109375), (348, 1694.947021484375), (351, 1968.114013671875), (471, 1782.9130859375), (509, 1384.499755859375)]
Bottom X:  [(47, 0.32112812995910645), (260, 0.3776777982711792), (274, 0.7156335711479187), (323, 0.291512668132782), (365, 0.47373056411743164), (367, 0.7264462113380432), (381, 0.4141210615634918), (390, 0.27951309084892273), (404, 0.7562092542648315), (440, 0.9156668186187744), (443, 0.9020799994468689)]
Class 1
Top X:  [(7, 1472.5672607421875), (109, 1868.042724609375), (166, 1490.64599609375), (189, 1528.768310546875), (264, 1475.4541015625), (330, 2575.57568359375), (362, 1828.7734375), (379, 1590.665283203125), (389, 1461.2554931640625), (420, 2031.8321533203125), (421, 1635.65283203125)]
Bottom X:  [(72, 0.06363272666931152), (74, 0.03247043490409851), (97, 0.139627143740654), (192, 0.1373530924320221), (229, 0.06573785096406937), (247, 0.045134179294109344), (295, 0.02422032319009304), (355, 0.07474483549594879), (440, 0.23954933881759644), (447, 0.03990517556667328), (490, 0.1372935026884079)]
Class 2
Top X:  [(100, 1485.3861083984375), (164, 1483.68115234375), (189, 1651.766845703125), (215, 1377.2022705078125), (218, 1827.62255859375), (275, 1373.5107421875), (301, 1695.67578125), (360, 2056.58837890625), (396, 1475.160400390625), (424, 1509.43310546875), (476, 1272.5228271484375)]
Bottom X:  [(58, 0.8736320734024048), (125, 0.25658464431762695), (240, 0.6536875367164612), (321, 0.16138185560703278), (367, 0.05206429213285446), (371, 0.8825543522834778), (381, 0.3479272723197937), (404, 0.917478084564209), (443, 0.18387466669082642), (458, 0.7523438334465027), (486, 0.5222805738449097)]
Class 3
Top X:  [(132, 1805.0281982421875), (161, 1579.215576171875), (167, 1446.9222412109375), (214, 1562.727294921875), (218, 1567.6922607421875), (348, 1650.5966796875), (360, 1752.30712890625), (396, 1307.4599609375), (421, 1462.7554931640625), (453, 1612.5277099609375), (488, 1359.893798828125)]
Bottom X:  [(28, 1.4521174430847168), (55, 0.9865313768386841), (58, 2.876696825027466), (274, 4.255824089050293), (321, 0.8856043815612793), (365, 4.210027694702148), (367, 0.5241625308990479), (371, 0.5539975762367249), (381, 0.17876964807510376), (425, 4.374487400054932), (487, 4.083786964416504)]
Class 4
Top X:  [(17, 1853.9453125), (62, 1740.34521484375), (85, 1860.9600830078125), (150, 1486.351318359375), (173, 1538.618896484375), (284, 1356.7890625), (351, 1306.744140625), (392, 1284.06591796875), (396, 1477.948486328125), (471, 1421.4031982421875), (488, 1825.3070068359375)]
Bottom X:  [(28, 0.2508241534233093), (54, 0.8528463840484619), (55, 0.19327574968338013), (58, 0.6489142179489136), (274, 0.5365397930145264), (321, 0.10361941903829575), (359, 0.0938679426908493), (367, 0.07659628987312317), (371, 0.05099177360534668), (381, 0.03985690325498581), (458, 0.847763180732727)]
Class 5
Top X:  [(17, 1736.6982421875), (62, 1506.575927734375), (164, 1466.17626953125), (166, 1718.0850830078125), (167, 1387.7900390625), (189, 1844.0631103515625), (218, 1397.7562255859375), (363, 1380.4970703125), (392, 1381.3494873046875), (453, 1612.94189453125), (497, 1326.9725341796875)]
Bottom X:  [(32, 0.5476864576339722), (78, 1.4237704277038574), (125, 0.8710766434669495), (231, 1.0600372552871704), (321, 1.016753911972046), (347, 1.4356968402862549), (367, 1.0417921543121338), (371, 1.5935938358306885), (381, 0.907521665096283), (443, 0.48001399636268616), (458, 0.4931630492210388)]
Class 6
Top X:  [(62, 1555.0087890625), (85, 1928.332275390625), (98, 1466.86083984375), (132, 1398.080078125), (173, 1711.62744140625), (189, 1469.252197265625), (215, 1660.9947509765625), (275, 1408.6986083984375), (284, 1893.8045654296875), (405, 1463.15576171875), (421, 1713.9520263671875)]
Bottom X:  [(204, 0.234177827835083), (240, 0.4974970519542694), (242, 0.39173072576522827), (285, 1.0660353899002075), (321, 0.5311039090156555), (365, 0.6360015869140625), (367, 0.6413767337799072), (371, 0.6864679455757141), (381, 0.38328254222869873), (425, 0.5031765699386597), (486, 0.5153125524520874)]
Class 7
Top X:  [(17, 2136.453125), (77, 1345.9012451171875), (92, 1311.830810546875), (164, 1491.85546875), (167, 1824.3748779296875), (172, 1345.445556640625), (214, 1311.8924560546875), (348, 1297.286376953125), (392, 1406.7672119140625), (417, 1347.6572265625), (451, 1437.5257568359375)]
Bottom X:  [(50, 0.9391000270843506), (78, 0.7561749219894409), (125, 0.20318210124969482), (344, 1.233154296875), (347, 1.363053798675537), (359, 0.6484970450401306), (381, 0.7971798777580261), (409, 1.1810741424560547), (443, 0.9701449871063232), (465, 1.428307294845581), (504, 0.6715065240859985)]
Class 8
Top X:  [(39, 1559.441650390625), (132, 1828.826416015625), (161, 1927.7838134765625), (215, 1412.427734375), (276, 1426.9010009765625), (330, 2543.131103515625), (351, 2032.1905517578125), (362, 1792.428466796875), (421, 2162.15380859375), (471, 1674.2685546875), (509, 1558.2635498046875)]
Bottom X:  [(46, 0.6066757440567017), (47, 0.4715230166912079), (55, 0.6110315322875977), (88, 0.4603479206562042), (256, 0.4504057765007019), (260, 0.4168773293495178), (285, 0.43096432089805603), (288, 0.6616367697715759), (365, 0.03134328871965408), (381, 0.11750510334968567), (407, 0.5657051205635071)]
Class 9
Top X:  [(114, 1309.6328125), (167, 1335.23193359375), (237, 1358.7152099609375), (271, 1441.4410400390625), (330, 2199.080810546875), (351, 1375.2012939453125), (379, 1652.24267578125), (389, 1609.50244140625), (417, 1283.366943359375), (420, 1669.634765625), (471, 1443.341552734375)]
Bottom X:  [(54, 0.7577875852584839), (55, 0.37536439299583435), (72, 0.6241574287414551), (74, 0.9133201241493225), (145, 0.878524661064148), (165, 0.5548681020736694), (217, 0.6554315090179443), (295, 0.5909439325332642), (381, 0.44868212938308716), (447, 0.7166376113891602), (490, 0.901785671710968)]

Shared activation values
Ratio of top intersection to top total: 0/11
Ratio of bottom intersection to bottom total: 0/11
Shared filter indices
Ratio of top intersection to top total: 0/11
Ratio of bottom intersection to bottom total: 0/11


